24-10-25.11:08:18.693 [main            ] INFO  Application            - Starting Application using Java 1.8.0_422 on LAPTOP-JSOKR72D with PID 20612 (D:\qiniu-collector\collector\collector-app\target\classes started by 13928 in D:\qiniu-collector\collector)
24-10-25.11:08:18.693 [background-preinit] INFO  Version                - HV000001: Hibernate Validator 6.2.5.Final
24-10-25.11:08:18.694 [main            ] INFO  Application            - The following 1 profile is active: "dev"
24-10-25.11:08:19.710 [main            ] INFO  RepositoryConfigurationDelegate - Multiple Spring Data modules found, entering strict repository configuration mode
24-10-25.11:08:19.711 [main            ] INFO  RepositoryConfigurationDelegate - Bootstrapping Spring Data Redis repositories in DEFAULT mode.
24-10-25.11:08:19.744 [main            ] INFO  RepositoryConfigurationDelegate - Finished Spring Data repository scanning in 21 ms. Found 0 Redis repository interfaces.
24-10-25.11:08:19.822 [main            ] WARN  ClassPathMapperScanner - No MyBatis mapper was found in '[com.sdwu.config]' package. Please check your configuration.
24-10-25.11:08:20.319 [main            ] INFO  TomcatWebServer        - Tomcat initialized with port(s): 8080 (http)
24-10-25.11:08:20.326 [main            ] INFO  Http11NioProtocol      - Initializing ProtocolHandler ["http-nio-8080"]
24-10-25.11:08:20.326 [main            ] INFO  StandardService        - Starting service [Tomcat]
24-10-25.11:08:20.326 [main            ] INFO  StandardEngine         - Starting Servlet engine: [Apache Tomcat/9.0.75]
24-10-25.11:08:20.460 [main            ] INFO  [/]                    - Initializing Spring embedded WebApplicationContext
24-10-25.11:08:20.461 [main            ] INFO  ServletWebServerApplicationContext - Root WebApplicationContext: initialization completed in 1723 ms
24-10-25.11:08:20.722 [main            ] INFO  MybatisPlusJoinAutoConfiguration - mybatis plus join properties config complete
24-10-25.11:08:20.732 [main            ] INFO  MybatisPlusJoinAutoConfiguration - mybatis plus join SqlInjector init
24-10-25.11:08:20.931 [main            ] WARN  TableInfoHelper        - Can not find table primary key in Class: "com.sdwu.infrastructure.persistent.po.SysRoleMenuPO".
24-10-25.11:08:20.931 [main            ] WARN  MPJSqlInjector         - class com.sdwu.infrastructure.persistent.po.SysRoleMenuPO ,Not found @TableId annotation, Cannot use Mybatis-Plus 'xxById' Method.
24-10-25.11:08:20.960 [main            ] WARN  TableInfoHelper        - Can not find table primary key in Class: "com.sdwu.infrastructure.persistent.po.SysUserRolePO".
24-10-25.11:08:20.960 [main            ] WARN  MPJSqlInjector         - class com.sdwu.infrastructure.persistent.po.SysUserRolePO ,Not found @TableId annotation, Cannot use Mybatis-Plus 'xxById' Method.
24-10-25.11:08:21.462 [main            ] INFO  Version                - Redisson 3.26.0
24-10-25.11:08:21.798 [redisson-netty-1-6] INFO  ConnectionsHolder      - 1 connections initialized for 10.34.34.73/10.34.34.73:6379
24-10-25.11:08:21.840 [redisson-netty-1-13] INFO  ConnectionsHolder      - 5 connections initialized for 10.34.34.73/10.34.34.73:6379
24-10-25.11:08:22.239 [main            ] WARN  AnnotationConfigServletWebServerApplicationContext - Exception encountered during context initialization - cancelling refresh attempt: org.springframework.beans.factory.BeanCreationException: Error creating bean with name 'tokenQueue' defined in class path resource [com/sdwu/config/TokenConfig.class]: Bean instantiation via factory method failed; nested exception is org.springframework.beans.BeanInstantiationException: Failed to instantiate [java.util.concurrent.ConcurrentLinkedQueue]: Factory method 'tokenQueue' threw exception; nested exception is java.lang.NullPointerException
24-10-25.11:08:22.258 [main            ] INFO  StandardService        - Stopping service [Tomcat]
24-10-25.11:08:22.270 [main            ] INFO  ConditionEvaluationReportLoggingListener - 

Error starting ApplicationContext. To display the conditions report re-run your application with 'debug' enabled.
24-10-25.11:08:22.390 [main            ] ERROR SpringApplication      - Application run failed
org.springframework.beans.factory.BeanCreationException: Error creating bean with name 'tokenQueue' defined in class path resource [com/sdwu/config/TokenConfig.class]: Bean instantiation via factory method failed; nested exception is org.springframework.beans.BeanInstantiationException: Failed to instantiate [java.util.concurrent.ConcurrentLinkedQueue]: Factory method 'tokenQueue' threw exception; nested exception is java.lang.NullPointerException
	at org.springframework.beans.factory.support.ConstructorResolver.instantiate(ConstructorResolver.java:658)
	at org.springframework.beans.factory.support.ConstructorResolver.instantiateUsingFactoryMethod(ConstructorResolver.java:486)
	at org.springframework.beans.factory.support.AbstractAutowireCapableBeanFactory.instantiateUsingFactoryMethod(AbstractAutowireCapableBeanFactory.java:1352)
	at org.springframework.beans.factory.support.AbstractAutowireCapableBeanFactory.createBeanInstance(AbstractAutowireCapableBeanFactory.java:1195)
	at org.springframework.beans.factory.support.AbstractAutowireCapableBeanFactory.doCreateBean(AbstractAutowireCapableBeanFactory.java:582)
	at org.springframework.beans.factory.support.AbstractAutowireCapableBeanFactory.createBean(AbstractAutowireCapableBeanFactory.java:542)
	at org.springframework.beans.factory.support.AbstractBeanFactory.lambda$doGetBean$0(AbstractBeanFactory.java:335)
	at org.springframework.beans.factory.support.DefaultSingletonBeanRegistry.getSingleton(DefaultSingletonBeanRegistry.java:234)
	at org.springframework.beans.factory.support.AbstractBeanFactory.doGetBean(AbstractBeanFactory.java:333)
	at org.springframework.beans.factory.support.AbstractBeanFactory.getBean(AbstractBeanFactory.java:208)
	at org.springframework.beans.factory.support.DefaultListableBeanFactory.preInstantiateSingletons(DefaultListableBeanFactory.java:955)
	at org.springframework.context.support.AbstractApplicationContext.finishBeanFactoryInitialization(AbstractApplicationContext.java:920)
	at org.springframework.context.support.AbstractApplicationContext.refresh(AbstractApplicationContext.java:583)
	at org.springframework.boot.web.servlet.context.ServletWebServerApplicationContext.refresh(ServletWebServerApplicationContext.java:147)
	at org.springframework.boot.SpringApplication.refresh(SpringApplication.java:731)
	at org.springframework.boot.SpringApplication.refreshContext(SpringApplication.java:408)
	at org.springframework.boot.SpringApplication.run(SpringApplication.java:307)
	at org.springframework.boot.SpringApplication.run(SpringApplication.java:1303)
	at org.springframework.boot.SpringApplication.run(SpringApplication.java:1292)
	at com.sdwu.Application.main(Application.java:14)
Caused by: org.springframework.beans.BeanInstantiationException: Failed to instantiate [java.util.concurrent.ConcurrentLinkedQueue]: Factory method 'tokenQueue' threw exception; nested exception is java.lang.NullPointerException
	at org.springframework.beans.factory.support.SimpleInstantiationStrategy.instantiate(SimpleInstantiationStrategy.java:185)
	at org.springframework.beans.factory.support.ConstructorResolver.instantiate(ConstructorResolver.java:653)
	... 19 common frames omitted
Caused by: java.lang.NullPointerException: null
	at java.util.concurrent.ConcurrentLinkedQueue.<init>(ConcurrentLinkedQueue.java:270)
	at com.sdwu.config.TokenConfig.tokenQueue(TokenConfig.java:24)
	at com.sdwu.config.TokenConfig$$EnhancerBySpringCGLIB$$8dc1984b.CGLIB$tokenQueue$2(<generated>)
	at com.sdwu.config.TokenConfig$$EnhancerBySpringCGLIB$$8dc1984b$$FastClassBySpringCGLIB$$fd64dff.invoke(<generated>)
	at org.springframework.cglib.proxy.MethodProxy.invokeSuper(MethodProxy.java:244)
	at org.springframework.context.annotation.ConfigurationClassEnhancer$BeanMethodInterceptor.intercept(ConfigurationClassEnhancer.java:331)
	at com.sdwu.config.TokenConfig$$EnhancerBySpringCGLIB$$8dc1984b.tokenQueue(<generated>)
	at sun.reflect.NativeMethodAccessorImpl.invoke0(Native Method)
	at sun.reflect.NativeMethodAccessorImpl.invoke(NativeMethodAccessorImpl.java:62)
	at sun.reflect.DelegatingMethodAccessorImpl.invoke(DelegatingMethodAccessorImpl.java:43)
	at java.lang.reflect.Method.invoke(Method.java:498)
	at org.springframework.beans.factory.support.SimpleInstantiationStrategy.instantiate(SimpleInstantiationStrategy.java:154)
	... 20 common frames omitted
24-10-25.11:09:14.319 [background-preinit] INFO  Version                - HV000001: Hibernate Validator 6.2.5.Final
24-10-25.11:09:14.319 [main            ] INFO  Application            - Starting Application using Java 1.8.0_422 on LAPTOP-JSOKR72D with PID 28304 (D:\qiniu-collector\collector\collector-app\target\classes started by 13928 in D:\qiniu-collector\collector)
24-10-25.11:09:14.320 [main            ] INFO  Application            - The following 1 profile is active: "dev"
24-10-25.11:09:15.023 [main            ] INFO  RepositoryConfigurationDelegate - Multiple Spring Data modules found, entering strict repository configuration mode
24-10-25.11:09:15.024 [main            ] INFO  RepositoryConfigurationDelegate - Bootstrapping Spring Data Redis repositories in DEFAULT mode.
24-10-25.11:09:15.052 [main            ] INFO  RepositoryConfigurationDelegate - Finished Spring Data repository scanning in 19 ms. Found 0 Redis repository interfaces.
24-10-25.11:09:15.114 [main            ] WARN  ClassPathMapperScanner - No MyBatis mapper was found in '[com.sdwu.config]' package. Please check your configuration.
24-10-25.11:09:15.555 [main            ] INFO  TomcatWebServer        - Tomcat initialized with port(s): 8080 (http)
24-10-25.11:09:15.562 [main            ] INFO  Http11NioProtocol      - Initializing ProtocolHandler ["http-nio-8080"]
24-10-25.11:09:15.562 [main            ] INFO  StandardService        - Starting service [Tomcat]
24-10-25.11:09:15.562 [main            ] INFO  StandardEngine         - Starting Servlet engine: [Apache Tomcat/9.0.75]
24-10-25.11:09:15.690 [main            ] INFO  [/]                    - Initializing Spring embedded WebApplicationContext
24-10-25.11:09:15.691 [main            ] INFO  ServletWebServerApplicationContext - Root WebApplicationContext: initialization completed in 1336 ms
24-10-25.11:09:15.929 [main            ] INFO  MybatisPlusJoinAutoConfiguration - mybatis plus join properties config complete
24-10-25.11:09:15.939 [main            ] INFO  MybatisPlusJoinAutoConfiguration - mybatis plus join SqlInjector init
24-10-25.11:09:16.120 [main            ] WARN  TableInfoHelper        - Can not find table primary key in Class: "com.sdwu.infrastructure.persistent.po.SysRoleMenuPO".
24-10-25.11:09:16.120 [main            ] WARN  MPJSqlInjector         - class com.sdwu.infrastructure.persistent.po.SysRoleMenuPO ,Not found @TableId annotation, Cannot use Mybatis-Plus 'xxById' Method.
24-10-25.11:09:16.143 [main            ] WARN  TableInfoHelper        - Can not find table primary key in Class: "com.sdwu.infrastructure.persistent.po.SysUserRolePO".
24-10-25.11:09:16.143 [main            ] WARN  MPJSqlInjector         - class com.sdwu.infrastructure.persistent.po.SysUserRolePO ,Not found @TableId annotation, Cannot use Mybatis-Plus 'xxById' Method.
24-10-25.11:09:16.616 [main            ] INFO  Version                - Redisson 3.26.0
24-10-25.11:09:16.980 [redisson-netty-1-6] INFO  ConnectionsHolder      - 1 connections initialized for 10.34.34.73/10.34.34.73:6379
24-10-25.11:09:17.055 [redisson-netty-1-13] INFO  ConnectionsHolder      - 5 connections initialized for 10.34.34.73/10.34.34.73:6379
24-10-25.11:09:18.184 [main            ] INFO  EndpointLinksResolver  - Exposing 1 endpoint(s) beneath base path '/actuator'
24-10-25.11:09:18.234 [main            ] INFO  Http11NioProtocol      - Starting ProtocolHandler ["http-nio-8080"]
24-10-25.11:09:18.242 [main            ] INFO  TomcatWebServer        - Tomcat started on port(s): 8080 (http) with context path ''
24-10-25.11:09:18.254 [main            ] INFO  Application            - Started Application in 4.244 seconds (JVM running for 4.965)
24-10-25.11:09:18.963 [RMI TCP Connection(3)-10.40.75.142] INFO  [/]                    - Initializing Spring DispatcherServlet 'dispatcherServlet'
24-10-25.11:09:18.963 [RMI TCP Connection(3)-10.40.75.142] INFO  DispatcherServlet      - Initializing Servlet 'dispatcherServlet'
24-10-25.11:09:18.964 [RMI TCP Connection(2)-10.40.75.142] INFO  HikariDataSource       - HikariPool-1 - Starting...
24-10-25.11:09:18.964 [RMI TCP Connection(3)-10.40.75.142] INFO  DispatcherServlet      - Completed initialization in 1 ms
24-10-25.11:09:19.456 [RMI TCP Connection(2)-10.40.75.142] INFO  HikariDataSource       - HikariPool-1 - Start completed.
24-10-25.11:11:05.589 [http-nio-8080-exec-1] ERROR [dispatcherServlet]    - Servlet.service() for servlet [dispatcherServlet] in context with path [] threw exception
java.net.UnknownHostException: api.github.com
	at java.net.Inet6AddressImpl.lookupAllHostAddr(Native Method)
	at java.net.InetAddress$2.lookupAllHostAddr(InetAddress.java:867)
	at java.net.InetAddress.getAddressesFromNameService(InetAddress.java:1302)
	at java.net.InetAddress$NameServiceAddresses.get(InetAddress.java:815)
	at java.net.InetAddress.getAllByName0(InetAddress.java:1291)
	at java.net.InetAddress.getAllByName(InetAddress.java:1144)
	at java.net.InetAddress.getAllByName(InetAddress.java:1065)
	at okhttp3.Dns$Companion$DnsSystem.lookup(Dns.kt:49)
	at okhttp3.internal.connection.RouteSelector.resetNextInetSocketAddress(RouteSelector.kt:164)
	at okhttp3.internal.connection.RouteSelector.nextProxy(RouteSelector.kt:129)
	at okhttp3.internal.connection.RouteSelector.next(RouteSelector.kt:71)
	at okhttp3.internal.connection.ExchangeFinder.findConnection(ExchangeFinder.kt:205)
	at okhttp3.internal.connection.ExchangeFinder.findHealthyConnection(ExchangeFinder.kt:106)
	at okhttp3.internal.connection.ExchangeFinder.find(ExchangeFinder.kt:74)
	at okhttp3.internal.connection.RealCall.initExchange$okhttp(RealCall.kt:255)
	at okhttp3.internal.connection.ConnectInterceptor.intercept(ConnectInterceptor.kt:32)
	at okhttp3.internal.http.RealInterceptorChain.proceed(RealInterceptorChain.kt:109)
	at okhttp3.internal.cache.CacheInterceptor.intercept(CacheInterceptor.kt:95)
	at okhttp3.internal.http.RealInterceptorChain.proceed(RealInterceptorChain.kt:109)
	at okhttp3.internal.http.BridgeInterceptor.intercept(BridgeInterceptor.kt:83)
	at okhttp3.internal.http.RealInterceptorChain.proceed(RealInterceptorChain.kt:109)
	at okhttp3.internal.http.RetryAndFollowUpInterceptor.intercept(RetryAndFollowUpInterceptor.kt:76)
	at okhttp3.internal.http.RealInterceptorChain.proceed(RealInterceptorChain.kt:109)
	at okhttp3.internal.connection.RealCall.getResponseWithInterceptorChain$okhttp(RealCall.kt:201)
	at okhttp3.internal.connection.RealCall.execute(RealCall.kt:154)
	at com.sdwu.domain.github.service.GitHubClientService.fetchGitHubApi(GitHubClientService.java:37)
	at com.sdwu.trigger.http.GitHubController.getUser(GitHubController.java:21)
	at sun.reflect.NativeMethodAccessorImpl.invoke0(Native Method)
	at sun.reflect.NativeMethodAccessorImpl.invoke(NativeMethodAccessorImpl.java:62)
	at sun.reflect.DelegatingMethodAccessorImpl.invoke(DelegatingMethodAccessorImpl.java:43)
	at java.lang.reflect.Method.invoke(Method.java:498)
	at org.springframework.web.method.support.InvocableHandlerMethod.doInvoke(InvocableHandlerMethod.java:205)
	at org.springframework.web.method.support.InvocableHandlerMethod.invokeForRequest(InvocableHandlerMethod.java:150)
	at org.springframework.web.servlet.mvc.method.annotation.ServletInvocableHandlerMethod.invokeAndHandle(ServletInvocableHandlerMethod.java:117)
	at org.springframework.web.servlet.mvc.method.annotation.RequestMappingHandlerAdapter.invokeHandlerMethod(RequestMappingHandlerAdapter.java:895)
	at org.springframework.web.servlet.mvc.method.annotation.RequestMappingHandlerAdapter.handleInternal(RequestMappingHandlerAdapter.java:808)
	at org.springframework.web.servlet.mvc.method.AbstractHandlerMethodAdapter.handle(AbstractHandlerMethodAdapter.java:87)
	at org.springframework.web.servlet.DispatcherServlet.doDispatch(DispatcherServlet.java:1072)
	at org.springframework.web.servlet.DispatcherServlet.doService(DispatcherServlet.java:965)
	at org.springframework.web.servlet.FrameworkServlet.processRequest(FrameworkServlet.java:1006)
	at org.springframework.web.servlet.FrameworkServlet.doGet(FrameworkServlet.java:898)
	at javax.servlet.http.HttpServlet.service(HttpServlet.java:529)
	at org.springframework.web.servlet.FrameworkServlet.service(FrameworkServlet.java:883)
	at javax.servlet.http.HttpServlet.service(HttpServlet.java:623)
	at org.apache.catalina.core.ApplicationFilterChain.internalDoFilter(ApplicationFilterChain.java:209)
	at org.apache.catalina.core.ApplicationFilterChain.doFilter(ApplicationFilterChain.java:153)
	at org.apache.tomcat.websocket.server.WsFilter.doFilter(WsFilter.java:51)
	at org.apache.catalina.core.ApplicationFilterChain.internalDoFilter(ApplicationFilterChain.java:178)
	at org.apache.catalina.core.ApplicationFilterChain.doFilter(ApplicationFilterChain.java:153)
	at org.springframework.web.filter.RequestContextFilter.doFilterInternal(RequestContextFilter.java:100)
	at org.springframework.web.filter.OncePerRequestFilter.doFilter(OncePerRequestFilter.java:117)
	at org.apache.catalina.core.ApplicationFilterChain.internalDoFilter(ApplicationFilterChain.java:178)
	at org.apache.catalina.core.ApplicationFilterChain.doFilter(ApplicationFilterChain.java:153)
	at cn.dev33.satoken.filter.SaPathCheckFilterForServlet.doFilter(SaPathCheckFilterForServlet.java:55)
	at org.apache.catalina.core.ApplicationFilterChain.internalDoFilter(ApplicationFilterChain.java:178)
	at org.apache.catalina.core.ApplicationFilterChain.doFilter(ApplicationFilterChain.java:153)
	at org.springframework.web.filter.FormContentFilter.doFilterInternal(FormContentFilter.java:93)
	at org.springframework.web.filter.OncePerRequestFilter.doFilter(OncePerRequestFilter.java:117)
	at org.apache.catalina.core.ApplicationFilterChain.internalDoFilter(ApplicationFilterChain.java:178)
	at org.apache.catalina.core.ApplicationFilterChain.doFilter(ApplicationFilterChain.java:153)
	at org.springframework.boot.actuate.metrics.web.servlet.WebMvcMetricsFilter.doFilterInternal(WebMvcMetricsFilter.java:96)
	at org.springframework.web.filter.OncePerRequestFilter.doFilter(OncePerRequestFilter.java:117)
	at org.apache.catalina.core.ApplicationFilterChain.internalDoFilter(ApplicationFilterChain.java:178)
	at org.apache.catalina.core.ApplicationFilterChain.doFilter(ApplicationFilterChain.java:153)
	at org.springframework.web.filter.CharacterEncodingFilter.doFilterInternal(CharacterEncodingFilter.java:201)
	at org.springframework.web.filter.OncePerRequestFilter.doFilter(OncePerRequestFilter.java:117)
	at org.apache.catalina.core.ApplicationFilterChain.internalDoFilter(ApplicationFilterChain.java:178)
	at org.apache.catalina.core.ApplicationFilterChain.doFilter(ApplicationFilterChain.java:153)
	at org.apache.catalina.core.StandardWrapperValve.invoke(StandardWrapperValve.java:167)
	at org.apache.catalina.core.StandardContextValve.invoke(StandardContextValve.java:90)
	at org.apache.catalina.authenticator.AuthenticatorBase.invoke(AuthenticatorBase.java:481)
	at org.apache.catalina.core.StandardHostValve.invoke(StandardHostValve.java:130)
	at org.apache.catalina.valves.ErrorReportValve.invoke(ErrorReportValve.java:93)
	at org.apache.catalina.core.StandardEngineValve.invoke(StandardEngineValve.java:74)
	at org.apache.catalina.connector.CoyoteAdapter.service(CoyoteAdapter.java:343)
	at org.apache.coyote.http11.Http11Processor.service(Http11Processor.java:390)
	at org.apache.coyote.AbstractProcessorLight.process(AbstractProcessorLight.java:63)
	at org.apache.coyote.AbstractProtocol$ConnectionHandler.process(AbstractProtocol.java:926)
	at org.apache.tomcat.util.net.NioEndpoint$SocketProcessor.doRun(NioEndpoint.java:1791)
	at org.apache.tomcat.util.net.SocketProcessorBase.run(SocketProcessorBase.java:52)
	at org.apache.tomcat.util.threads.ThreadPoolExecutor.runWorker(ThreadPoolExecutor.java:1191)
	at org.apache.tomcat.util.threads.ThreadPoolExecutor$Worker.run(ThreadPoolExecutor.java:659)
	at org.apache.tomcat.util.threads.TaskThread$WrappingRunnable.run(TaskThread.java:61)
	at java.lang.Thread.run(Thread.java:750)
24-10-25.11:12:40.565 [http-nio-8080-exec-2] ERROR [dispatcherServlet]    - Servlet.service() for servlet [dispatcherServlet] in context with path [] threw exception
java.net.UnknownHostException: api.github.com
	at java.net.Inet6AddressImpl.lookupAllHostAddr(Native Method)
	at java.net.InetAddress$2.lookupAllHostAddr(InetAddress.java:867)
	at java.net.InetAddress.getAddressesFromNameService(InetAddress.java:1302)
	at java.net.InetAddress$NameServiceAddresses.get(InetAddress.java:815)
	at java.net.InetAddress.getAllByName0(InetAddress.java:1291)
	at java.net.InetAddress.getAllByName(InetAddress.java:1144)
	at java.net.InetAddress.getAllByName(InetAddress.java:1065)
	at okhttp3.Dns$Companion$DnsSystem.lookup(Dns.kt:49)
	at okhttp3.internal.connection.RouteSelector.resetNextInetSocketAddress(RouteSelector.kt:164)
	at okhttp3.internal.connection.RouteSelector.nextProxy(RouteSelector.kt:129)
	at okhttp3.internal.connection.RouteSelector.next(RouteSelector.kt:71)
	at okhttp3.internal.connection.ExchangeFinder.findConnection(ExchangeFinder.kt:205)
	at okhttp3.internal.connection.ExchangeFinder.findHealthyConnection(ExchangeFinder.kt:106)
	at okhttp3.internal.connection.ExchangeFinder.find(ExchangeFinder.kt:74)
	at okhttp3.internal.connection.RealCall.initExchange$okhttp(RealCall.kt:255)
	at okhttp3.internal.connection.ConnectInterceptor.intercept(ConnectInterceptor.kt:32)
	at okhttp3.internal.http.RealInterceptorChain.proceed(RealInterceptorChain.kt:109)
	at okhttp3.internal.cache.CacheInterceptor.intercept(CacheInterceptor.kt:95)
	at okhttp3.internal.http.RealInterceptorChain.proceed(RealInterceptorChain.kt:109)
	at okhttp3.internal.http.BridgeInterceptor.intercept(BridgeInterceptor.kt:83)
	at okhttp3.internal.http.RealInterceptorChain.proceed(RealInterceptorChain.kt:109)
	at okhttp3.internal.http.RetryAndFollowUpInterceptor.intercept(RetryAndFollowUpInterceptor.kt:76)
	at okhttp3.internal.http.RealInterceptorChain.proceed(RealInterceptorChain.kt:109)
	at okhttp3.internal.connection.RealCall.getResponseWithInterceptorChain$okhttp(RealCall.kt:201)
	at okhttp3.internal.connection.RealCall.execute(RealCall.kt:154)
	at com.sdwu.domain.github.service.GitHubClientService.fetchGitHubApi(GitHubClientService.java:37)
	at com.sdwu.trigger.http.GitHubController.getUser(GitHubController.java:21)
	at sun.reflect.NativeMethodAccessorImpl.invoke0(Native Method)
	at sun.reflect.NativeMethodAccessorImpl.invoke(NativeMethodAccessorImpl.java:62)
	at sun.reflect.DelegatingMethodAccessorImpl.invoke(DelegatingMethodAccessorImpl.java:43)
	at java.lang.reflect.Method.invoke(Method.java:498)
	at org.springframework.web.method.support.InvocableHandlerMethod.doInvoke(InvocableHandlerMethod.java:205)
	at org.springframework.web.method.support.InvocableHandlerMethod.invokeForRequest(InvocableHandlerMethod.java:150)
	at org.springframework.web.servlet.mvc.method.annotation.ServletInvocableHandlerMethod.invokeAndHandle(ServletInvocableHandlerMethod.java:117)
	at org.springframework.web.servlet.mvc.method.annotation.RequestMappingHandlerAdapter.invokeHandlerMethod(RequestMappingHandlerAdapter.java:895)
	at org.springframework.web.servlet.mvc.method.annotation.RequestMappingHandlerAdapter.handleInternal(RequestMappingHandlerAdapter.java:808)
	at org.springframework.web.servlet.mvc.method.AbstractHandlerMethodAdapter.handle(AbstractHandlerMethodAdapter.java:87)
	at org.springframework.web.servlet.DispatcherServlet.doDispatch(DispatcherServlet.java:1072)
	at org.springframework.web.servlet.DispatcherServlet.doService(DispatcherServlet.java:965)
	at org.springframework.web.servlet.FrameworkServlet.processRequest(FrameworkServlet.java:1006)
	at org.springframework.web.servlet.FrameworkServlet.doGet(FrameworkServlet.java:898)
	at javax.servlet.http.HttpServlet.service(HttpServlet.java:529)
	at org.springframework.web.servlet.FrameworkServlet.service(FrameworkServlet.java:883)
	at javax.servlet.http.HttpServlet.service(HttpServlet.java:623)
	at org.apache.catalina.core.ApplicationFilterChain.internalDoFilter(ApplicationFilterChain.java:209)
	at org.apache.catalina.core.ApplicationFilterChain.doFilter(ApplicationFilterChain.java:153)
	at org.apache.tomcat.websocket.server.WsFilter.doFilter(WsFilter.java:51)
	at org.apache.catalina.core.ApplicationFilterChain.internalDoFilter(ApplicationFilterChain.java:178)
	at org.apache.catalina.core.ApplicationFilterChain.doFilter(ApplicationFilterChain.java:153)
	at org.springframework.web.filter.RequestContextFilter.doFilterInternal(RequestContextFilter.java:100)
	at org.springframework.web.filter.OncePerRequestFilter.doFilter(OncePerRequestFilter.java:117)
	at org.apache.catalina.core.ApplicationFilterChain.internalDoFilter(ApplicationFilterChain.java:178)
	at org.apache.catalina.core.ApplicationFilterChain.doFilter(ApplicationFilterChain.java:153)
	at cn.dev33.satoken.filter.SaPathCheckFilterForServlet.doFilter(SaPathCheckFilterForServlet.java:55)
	at org.apache.catalina.core.ApplicationFilterChain.internalDoFilter(ApplicationFilterChain.java:178)
	at org.apache.catalina.core.ApplicationFilterChain.doFilter(ApplicationFilterChain.java:153)
	at org.springframework.web.filter.FormContentFilter.doFilterInternal(FormContentFilter.java:93)
	at org.springframework.web.filter.OncePerRequestFilter.doFilter(OncePerRequestFilter.java:117)
	at org.apache.catalina.core.ApplicationFilterChain.internalDoFilter(ApplicationFilterChain.java:178)
	at org.apache.catalina.core.ApplicationFilterChain.doFilter(ApplicationFilterChain.java:153)
	at org.springframework.boot.actuate.metrics.web.servlet.WebMvcMetricsFilter.doFilterInternal(WebMvcMetricsFilter.java:96)
	at org.springframework.web.filter.OncePerRequestFilter.doFilter(OncePerRequestFilter.java:117)
	at org.apache.catalina.core.ApplicationFilterChain.internalDoFilter(ApplicationFilterChain.java:178)
	at org.apache.catalina.core.ApplicationFilterChain.doFilter(ApplicationFilterChain.java:153)
	at org.springframework.web.filter.CharacterEncodingFilter.doFilterInternal(CharacterEncodingFilter.java:201)
	at org.springframework.web.filter.OncePerRequestFilter.doFilter(OncePerRequestFilter.java:117)
	at org.apache.catalina.core.ApplicationFilterChain.internalDoFilter(ApplicationFilterChain.java:178)
	at org.apache.catalina.core.ApplicationFilterChain.doFilter(ApplicationFilterChain.java:153)
	at org.apache.catalina.core.StandardWrapperValve.invoke(StandardWrapperValve.java:167)
	at org.apache.catalina.core.StandardContextValve.invoke(StandardContextValve.java:90)
	at org.apache.catalina.authenticator.AuthenticatorBase.invoke(AuthenticatorBase.java:481)
	at org.apache.catalina.core.StandardHostValve.invoke(StandardHostValve.java:130)
	at org.apache.catalina.valves.ErrorReportValve.invoke(ErrorReportValve.java:93)
	at org.apache.catalina.core.StandardEngineValve.invoke(StandardEngineValve.java:74)
	at org.apache.catalina.connector.CoyoteAdapter.service(CoyoteAdapter.java:343)
	at org.apache.coyote.http11.Http11Processor.service(Http11Processor.java:390)
	at org.apache.coyote.AbstractProcessorLight.process(AbstractProcessorLight.java:63)
	at org.apache.coyote.AbstractProtocol$ConnectionHandler.process(AbstractProtocol.java:926)
	at org.apache.tomcat.util.net.NioEndpoint$SocketProcessor.doRun(NioEndpoint.java:1791)
	at org.apache.tomcat.util.net.SocketProcessorBase.run(SocketProcessorBase.java:52)
	at org.apache.tomcat.util.threads.ThreadPoolExecutor.runWorker(ThreadPoolExecutor.java:1191)
	at org.apache.tomcat.util.threads.ThreadPoolExecutor$Worker.run(ThreadPoolExecutor.java:659)
	at org.apache.tomcat.util.threads.TaskThread$WrappingRunnable.run(TaskThread.java:61)
	at java.lang.Thread.run(Thread.java:750)
24-10-25.11:17:09.526 [SpringApplicationShutdownHook] INFO  HikariDataSource       - HikariPool-1 - Shutdown initiated...
24-10-25.11:17:09.574 [SpringApplicationShutdownHook] INFO  HikariDataSource       - HikariPool-1 - Shutdown completed.
24-10-25.11:17:22.432 [background-preinit] INFO  Version                - HV000001: Hibernate Validator 6.2.5.Final
24-10-25.11:17:22.432 [main            ] INFO  Application            - Starting Application using Java 1.8.0_422 on LAPTOP-JSOKR72D with PID 27056 (D:\qiniu-collector\collector\collector-app\target\classes started by 13928 in D:\qiniu-collector\collector)
24-10-25.11:17:22.433 [main            ] INFO  Application            - The following 1 profile is active: "dev"
24-10-25.11:17:23.354 [main            ] INFO  RepositoryConfigurationDelegate - Multiple Spring Data modules found, entering strict repository configuration mode
24-10-25.11:17:23.355 [main            ] INFO  RepositoryConfigurationDelegate - Bootstrapping Spring Data Redis repositories in DEFAULT mode.
24-10-25.11:17:23.385 [main            ] INFO  RepositoryConfigurationDelegate - Finished Spring Data repository scanning in 20 ms. Found 0 Redis repository interfaces.
24-10-25.11:17:23.446 [main            ] WARN  ClassPathMapperScanner - No MyBatis mapper was found in '[com.sdwu.config]' package. Please check your configuration.
24-10-25.11:17:23.874 [main            ] INFO  TomcatWebServer        - Tomcat initialized with port(s): 8080 (http)
24-10-25.11:17:23.880 [main            ] INFO  Http11NioProtocol      - Initializing ProtocolHandler ["http-nio-8080"]
24-10-25.11:17:23.880 [main            ] INFO  StandardService        - Starting service [Tomcat]
24-10-25.11:17:23.880 [main            ] INFO  StandardEngine         - Starting Servlet engine: [Apache Tomcat/9.0.75]
24-10-25.11:17:24.014 [main            ] INFO  [/]                    - Initializing Spring embedded WebApplicationContext
24-10-25.11:17:24.015 [main            ] INFO  ServletWebServerApplicationContext - Root WebApplicationContext: initialization completed in 1548 ms
24-10-25.11:17:24.256 [main            ] INFO  MybatisPlusJoinAutoConfiguration - mybatis plus join properties config complete
24-10-25.11:17:24.266 [main            ] INFO  MybatisPlusJoinAutoConfiguration - mybatis plus join SqlInjector init
24-10-25.11:17:24.479 [main            ] WARN  TableInfoHelper        - Can not find table primary key in Class: "com.sdwu.infrastructure.persistent.po.SysRoleMenuPO".
24-10-25.11:17:24.479 [main            ] WARN  MPJSqlInjector         - class com.sdwu.infrastructure.persistent.po.SysRoleMenuPO ,Not found @TableId annotation, Cannot use Mybatis-Plus 'xxById' Method.
24-10-25.11:17:24.516 [main            ] WARN  TableInfoHelper        - Can not find table primary key in Class: "com.sdwu.infrastructure.persistent.po.SysUserRolePO".
24-10-25.11:17:24.516 [main            ] WARN  MPJSqlInjector         - class com.sdwu.infrastructure.persistent.po.SysUserRolePO ,Not found @TableId annotation, Cannot use Mybatis-Plus 'xxById' Method.
24-10-25.11:17:24.988 [main            ] INFO  Version                - Redisson 3.26.0
24-10-25.11:17:25.354 [redisson-netty-1-6] INFO  ConnectionsHolder      - 1 connections initialized for 10.34.34.73/10.34.34.73:6379
24-10-25.11:17:25.446 [redisson-netty-1-13] INFO  ConnectionsHolder      - 5 connections initialized for 10.34.34.73/10.34.34.73:6379
24-10-25.11:17:26.497 [main            ] INFO  EndpointLinksResolver  - Exposing 1 endpoint(s) beneath base path '/actuator'
24-10-25.11:17:26.546 [main            ] INFO  Http11NioProtocol      - Starting ProtocolHandler ["http-nio-8080"]
24-10-25.11:17:26.558 [main            ] INFO  TomcatWebServer        - Tomcat started on port(s): 8080 (http) with context path ''
24-10-25.11:17:26.570 [main            ] INFO  Application            - Started Application in 4.445 seconds (JVM running for 8.267)
24-10-25.11:17:26.959 [RMI TCP Connection(1)-10.40.75.142] INFO  [/]                    - Initializing Spring DispatcherServlet 'dispatcherServlet'
24-10-25.11:17:26.959 [RMI TCP Connection(1)-10.40.75.142] INFO  DispatcherServlet      - Initializing Servlet 'dispatcherServlet'
24-10-25.11:17:26.961 [RMI TCP Connection(1)-10.40.75.142] INFO  DispatcherServlet      - Completed initialization in 2 ms
24-10-25.11:17:26.961 [RMI TCP Connection(2)-10.40.75.142] INFO  HikariDataSource       - HikariPool-1 - Starting...
24-10-25.11:17:27.235 [RMI TCP Connection(2)-10.40.75.142] INFO  HikariDataSource       - HikariPool-1 - Start completed.
24-10-25.11:17:36.851 [http-nio-8080-exec-1] ERROR [dispatcherServlet]    - Servlet.service() for servlet [dispatcherServlet] in context with path [] threw exception
java.io.IOException: Unexpected code Response{protocol=h2, code=401, message=, url=https://api.github.com/user/gatsbyh}
	at com.sdwu.domain.github.service.GitHubClientService.fetchGitHubApi(GitHubClientService.java:42)
	at com.sdwu.trigger.http.GitHubController.getUser(GitHubController.java:21)
	at sun.reflect.NativeMethodAccessorImpl.invoke0(Native Method)
	at sun.reflect.NativeMethodAccessorImpl.invoke(NativeMethodAccessorImpl.java:62)
	at sun.reflect.DelegatingMethodAccessorImpl.invoke(DelegatingMethodAccessorImpl.java:43)
	at java.lang.reflect.Method.invoke(Method.java:498)
	at org.springframework.web.method.support.InvocableHandlerMethod.doInvoke(InvocableHandlerMethod.java:205)
	at org.springframework.web.method.support.InvocableHandlerMethod.invokeForRequest(InvocableHandlerMethod.java:150)
	at org.springframework.web.servlet.mvc.method.annotation.ServletInvocableHandlerMethod.invokeAndHandle(ServletInvocableHandlerMethod.java:117)
	at org.springframework.web.servlet.mvc.method.annotation.RequestMappingHandlerAdapter.invokeHandlerMethod(RequestMappingHandlerAdapter.java:895)
	at org.springframework.web.servlet.mvc.method.annotation.RequestMappingHandlerAdapter.handleInternal(RequestMappingHandlerAdapter.java:808)
	at org.springframework.web.servlet.mvc.method.AbstractHandlerMethodAdapter.handle(AbstractHandlerMethodAdapter.java:87)
	at org.springframework.web.servlet.DispatcherServlet.doDispatch(DispatcherServlet.java:1072)
	at org.springframework.web.servlet.DispatcherServlet.doService(DispatcherServlet.java:965)
	at org.springframework.web.servlet.FrameworkServlet.processRequest(FrameworkServlet.java:1006)
	at org.springframework.web.servlet.FrameworkServlet.doGet(FrameworkServlet.java:898)
	at javax.servlet.http.HttpServlet.service(HttpServlet.java:529)
	at org.springframework.web.servlet.FrameworkServlet.service(FrameworkServlet.java:883)
	at javax.servlet.http.HttpServlet.service(HttpServlet.java:623)
	at org.apache.catalina.core.ApplicationFilterChain.internalDoFilter(ApplicationFilterChain.java:209)
	at org.apache.catalina.core.ApplicationFilterChain.doFilter(ApplicationFilterChain.java:153)
	at org.apache.tomcat.websocket.server.WsFilter.doFilter(WsFilter.java:51)
	at org.apache.catalina.core.ApplicationFilterChain.internalDoFilter(ApplicationFilterChain.java:178)
	at org.apache.catalina.core.ApplicationFilterChain.doFilter(ApplicationFilterChain.java:153)
	at org.springframework.web.filter.RequestContextFilter.doFilterInternal(RequestContextFilter.java:100)
	at org.springframework.web.filter.OncePerRequestFilter.doFilter(OncePerRequestFilter.java:117)
	at org.apache.catalina.core.ApplicationFilterChain.internalDoFilter(ApplicationFilterChain.java:178)
	at org.apache.catalina.core.ApplicationFilterChain.doFilter(ApplicationFilterChain.java:153)
	at cn.dev33.satoken.filter.SaPathCheckFilterForServlet.doFilter(SaPathCheckFilterForServlet.java:55)
	at org.apache.catalina.core.ApplicationFilterChain.internalDoFilter(ApplicationFilterChain.java:178)
	at org.apache.catalina.core.ApplicationFilterChain.doFilter(ApplicationFilterChain.java:153)
	at org.springframework.web.filter.FormContentFilter.doFilterInternal(FormContentFilter.java:93)
	at org.springframework.web.filter.OncePerRequestFilter.doFilter(OncePerRequestFilter.java:117)
	at org.apache.catalina.core.ApplicationFilterChain.internalDoFilter(ApplicationFilterChain.java:178)
	at org.apache.catalina.core.ApplicationFilterChain.doFilter(ApplicationFilterChain.java:153)
	at org.springframework.boot.actuate.metrics.web.servlet.WebMvcMetricsFilter.doFilterInternal(WebMvcMetricsFilter.java:96)
	at org.springframework.web.filter.OncePerRequestFilter.doFilter(OncePerRequestFilter.java:117)
	at org.apache.catalina.core.ApplicationFilterChain.internalDoFilter(ApplicationFilterChain.java:178)
	at org.apache.catalina.core.ApplicationFilterChain.doFilter(ApplicationFilterChain.java:153)
	at org.springframework.web.filter.CharacterEncodingFilter.doFilterInternal(CharacterEncodingFilter.java:201)
	at org.springframework.web.filter.OncePerRequestFilter.doFilter(OncePerRequestFilter.java:117)
	at org.apache.catalina.core.ApplicationFilterChain.internalDoFilter(ApplicationFilterChain.java:178)
	at org.apache.catalina.core.ApplicationFilterChain.doFilter(ApplicationFilterChain.java:153)
	at org.apache.catalina.core.StandardWrapperValve.invoke(StandardWrapperValve.java:167)
	at org.apache.catalina.core.StandardContextValve.invoke(StandardContextValve.java:90)
	at org.apache.catalina.authenticator.AuthenticatorBase.invoke(AuthenticatorBase.java:481)
	at org.apache.catalina.core.StandardHostValve.invoke(StandardHostValve.java:130)
	at org.apache.catalina.valves.ErrorReportValve.invoke(ErrorReportValve.java:93)
	at org.apache.catalina.core.StandardEngineValve.invoke(StandardEngineValve.java:74)
	at org.apache.catalina.connector.CoyoteAdapter.service(CoyoteAdapter.java:343)
	at org.apache.coyote.http11.Http11Processor.service(Http11Processor.java:390)
	at org.apache.coyote.AbstractProcessorLight.process(AbstractProcessorLight.java:63)
	at org.apache.coyote.AbstractProtocol$ConnectionHandler.process(AbstractProtocol.java:926)
	at org.apache.tomcat.util.net.NioEndpoint$SocketProcessor.doRun(NioEndpoint.java:1791)
	at org.apache.tomcat.util.net.SocketProcessorBase.run(SocketProcessorBase.java:52)
	at org.apache.tomcat.util.threads.ThreadPoolExecutor.runWorker(ThreadPoolExecutor.java:1191)
	at org.apache.tomcat.util.threads.ThreadPoolExecutor$Worker.run(ThreadPoolExecutor.java:659)
	at org.apache.tomcat.util.threads.TaskThread$WrappingRunnable.run(TaskThread.java:61)
	at java.lang.Thread.run(Thread.java:750)
24-10-25.11:19:09.630 [SpringApplicationShutdownHook] INFO  HikariDataSource       - HikariPool-1 - Shutdown initiated...
24-10-25.11:19:09.856 [SpringApplicationShutdownHook] INFO  HikariDataSource       - HikariPool-1 - Shutdown completed.
24-10-25.11:19:16.528 [background-preinit] INFO  Version                - HV000001: Hibernate Validator 6.2.5.Final
24-10-25.11:19:16.528 [main            ] INFO  Application            - Starting Application using Java 1.8.0_422 on LAPTOP-JSOKR72D with PID 26312 (D:\qiniu-collector\collector\collector-app\target\classes started by 13928 in D:\qiniu-collector\collector)
24-10-25.11:19:16.530 [main            ] INFO  Application            - The following 1 profile is active: "dev"
24-10-25.11:19:17.227 [main            ] INFO  RepositoryConfigurationDelegate - Multiple Spring Data modules found, entering strict repository configuration mode
24-10-25.11:19:17.229 [main            ] INFO  RepositoryConfigurationDelegate - Bootstrapping Spring Data Redis repositories in DEFAULT mode.
24-10-25.11:19:17.259 [main            ] INFO  RepositoryConfigurationDelegate - Finished Spring Data repository scanning in 20 ms. Found 0 Redis repository interfaces.
24-10-25.11:19:17.331 [main            ] WARN  ClassPathMapperScanner - No MyBatis mapper was found in '[com.sdwu.config]' package. Please check your configuration.
24-10-25.11:19:17.776 [main            ] INFO  TomcatWebServer        - Tomcat initialized with port(s): 8080 (http)
24-10-25.11:19:17.782 [main            ] INFO  Http11NioProtocol      - Initializing ProtocolHandler ["http-nio-8080"]
24-10-25.11:19:17.782 [main            ] INFO  StandardService        - Starting service [Tomcat]
24-10-25.11:19:17.782 [main            ] INFO  StandardEngine         - Starting Servlet engine: [Apache Tomcat/9.0.75]
24-10-25.11:19:17.915 [main            ] INFO  [/]                    - Initializing Spring embedded WebApplicationContext
24-10-25.11:19:17.915 [main            ] INFO  ServletWebServerApplicationContext - Root WebApplicationContext: initialization completed in 1350 ms
24-10-25.11:19:18.156 [main            ] INFO  MybatisPlusJoinAutoConfiguration - mybatis plus join properties config complete
24-10-25.11:19:18.165 [main            ] INFO  MybatisPlusJoinAutoConfiguration - mybatis plus join SqlInjector init
24-10-25.11:19:18.355 [main            ] WARN  TableInfoHelper        - Can not find table primary key in Class: "com.sdwu.infrastructure.persistent.po.SysRoleMenuPO".
24-10-25.11:19:18.355 [main            ] WARN  MPJSqlInjector         - class com.sdwu.infrastructure.persistent.po.SysRoleMenuPO ,Not found @TableId annotation, Cannot use Mybatis-Plus 'xxById' Method.
24-10-25.11:19:18.387 [main            ] WARN  TableInfoHelper        - Can not find table primary key in Class: "com.sdwu.infrastructure.persistent.po.SysUserRolePO".
24-10-25.11:19:18.387 [main            ] WARN  MPJSqlInjector         - class com.sdwu.infrastructure.persistent.po.SysUserRolePO ,Not found @TableId annotation, Cannot use Mybatis-Plus 'xxById' Method.
24-10-25.11:19:18.865 [main            ] INFO  Version                - Redisson 3.26.0
24-10-25.11:19:19.182 [redisson-netty-1-6] INFO  ConnectionsHolder      - 1 connections initialized for 10.34.34.73/10.34.34.73:6379
24-10-25.11:19:19.253 [redisson-netty-1-13] INFO  ConnectionsHolder      - 5 connections initialized for 10.34.34.73/10.34.34.73:6379
24-10-25.11:19:20.341 [main            ] INFO  EndpointLinksResolver  - Exposing 1 endpoint(s) beneath base path '/actuator'
24-10-25.11:19:20.391 [main            ] INFO  Http11NioProtocol      - Starting ProtocolHandler ["http-nio-8080"]
24-10-25.11:19:20.399 [main            ] INFO  TomcatWebServer        - Tomcat started on port(s): 8080 (http) with context path ''
24-10-25.11:19:20.410 [main            ] INFO  Application            - Started Application in 4.21 seconds (JVM running for 5.107)
24-10-25.11:19:21.010 [RMI TCP Connection(4)-10.40.75.142] INFO  [/]                    - Initializing Spring DispatcherServlet 'dispatcherServlet'
24-10-25.11:19:21.010 [RMI TCP Connection(4)-10.40.75.142] INFO  DispatcherServlet      - Initializing Servlet 'dispatcherServlet'
24-10-25.11:19:21.011 [RMI TCP Connection(4)-10.40.75.142] INFO  DispatcherServlet      - Completed initialization in 1 ms
24-10-25.11:19:21.012 [RMI TCP Connection(3)-10.40.75.142] INFO  HikariDataSource       - HikariPool-1 - Starting...
24-10-25.11:19:21.296 [RMI TCP Connection(3)-10.40.75.142] INFO  HikariDataSource       - HikariPool-1 - Start completed.
24-10-25.11:22:54.087 [SpringApplicationShutdownHook] INFO  HikariDataSource       - HikariPool-1 - Shutdown initiated...
24-10-25.11:22:54.252 [SpringApplicationShutdownHook] INFO  HikariDataSource       - HikariPool-1 - Shutdown completed.
24-10-25.11:23:02.432 [main            ] INFO  Application            - Starting Application using Java 1.8.0_422 on LAPTOP-JSOKR72D with PID 4828 (D:\qiniu-collector\collector\collector-app\target\classes started by 13928 in D:\qiniu-collector\collector)
24-10-25.11:23:02.432 [background-preinit] INFO  Version                - HV000001: Hibernate Validator 6.2.5.Final
24-10-25.11:23:02.434 [main            ] INFO  Application            - The following 1 profile is active: "dev"
24-10-25.11:23:03.332 [main            ] INFO  RepositoryConfigurationDelegate - Multiple Spring Data modules found, entering strict repository configuration mode
24-10-25.11:23:03.334 [main            ] INFO  RepositoryConfigurationDelegate - Bootstrapping Spring Data Redis repositories in DEFAULT mode.
24-10-25.11:23:03.370 [main            ] INFO  RepositoryConfigurationDelegate - Finished Spring Data repository scanning in 24 ms. Found 0 Redis repository interfaces.
24-10-25.11:23:03.451 [main            ] WARN  ClassPathMapperScanner - No MyBatis mapper was found in '[com.sdwu.config]' package. Please check your configuration.
24-10-25.11:23:03.974 [main            ] INFO  TomcatWebServer        - Tomcat initialized with port(s): 8080 (http)
24-10-25.11:23:03.982 [main            ] INFO  Http11NioProtocol      - Initializing ProtocolHandler ["http-nio-8080"]
24-10-25.11:23:03.982 [main            ] INFO  StandardService        - Starting service [Tomcat]
24-10-25.11:23:03.983 [main            ] INFO  StandardEngine         - Starting Servlet engine: [Apache Tomcat/9.0.75]
24-10-25.11:23:04.143 [main            ] INFO  [/]                    - Initializing Spring embedded WebApplicationContext
24-10-25.11:23:04.143 [main            ] INFO  ServletWebServerApplicationContext - Root WebApplicationContext: initialization completed in 1651 ms
24-10-25.11:23:04.436 [main            ] INFO  MybatisPlusJoinAutoConfiguration - mybatis plus join properties config complete
24-10-25.11:23:04.447 [main            ] INFO  MybatisPlusJoinAutoConfiguration - mybatis plus join SqlInjector init
24-10-25.11:23:04.676 [main            ] WARN  TableInfoHelper        - Can not find table primary key in Class: "com.sdwu.infrastructure.persistent.po.SysRoleMenuPO".
24-10-25.11:23:04.677 [main            ] WARN  MPJSqlInjector         - class com.sdwu.infrastructure.persistent.po.SysRoleMenuPO ,Not found @TableId annotation, Cannot use Mybatis-Plus 'xxById' Method.
24-10-25.11:23:04.705 [main            ] WARN  TableInfoHelper        - Can not find table primary key in Class: "com.sdwu.infrastructure.persistent.po.SysUserRolePO".
24-10-25.11:23:04.705 [main            ] WARN  MPJSqlInjector         - class com.sdwu.infrastructure.persistent.po.SysUserRolePO ,Not found @TableId annotation, Cannot use Mybatis-Plus 'xxById' Method.
24-10-25.11:23:05.241 [main            ] INFO  Version                - Redisson 3.26.0
24-10-25.11:23:06.301 [redisson-netty-1-6] INFO  ConnectionsHolder      - 1 connections initialized for 10.34.34.73/10.34.34.73:6379
24-10-25.11:23:07.301 [redisson-netty-1-13] INFO  ConnectionsHolder      - 5 connections initialized for 10.34.34.73/10.34.34.73:6379
24-10-25.11:23:08.585 [main            ] INFO  EndpointLinksResolver  - Exposing 1 endpoint(s) beneath base path '/actuator'
24-10-25.11:23:08.640 [main            ] INFO  Http11NioProtocol      - Starting ProtocolHandler ["http-nio-8080"]
24-10-25.11:23:08.649 [main            ] INFO  TomcatWebServer        - Tomcat started on port(s): 8080 (http) with context path ''
24-10-25.11:23:08.661 [main            ] INFO  Application            - Started Application in 6.626 seconds (JVM running for 8.111)
24-10-25.11:23:09.251 [RMI TCP Connection(2)-10.40.75.142] INFO  [/]                    - Initializing Spring DispatcherServlet 'dispatcherServlet'
24-10-25.11:23:09.251 [RMI TCP Connection(2)-10.40.75.142] INFO  DispatcherServlet      - Initializing Servlet 'dispatcherServlet'
24-10-25.11:23:09.254 [RMI TCP Connection(2)-10.40.75.142] INFO  DispatcherServlet      - Completed initialization in 3 ms
24-10-25.11:23:09.256 [RMI TCP Connection(1)-10.40.75.142] INFO  HikariDataSource       - HikariPool-1 - Starting...
24-10-25.11:23:09.578 [RMI TCP Connection(1)-10.40.75.142] INFO  HikariDataSource       - HikariPool-1 - Start completed.
24-10-25.11:25:09.939 [redisson-netty-1-10] ERROR rejectedExecution      - Failed to submit a listener notification task. Event loop shut down?
java.util.concurrent.RejectedExecutionException: event executor terminated
	at io.netty.util.concurrent.SingleThreadEventExecutor.reject(SingleThreadEventExecutor.java:934)
	at io.netty.util.concurrent.SingleThreadEventExecutor.offerTask(SingleThreadEventExecutor.java:351)
	at io.netty.util.concurrent.SingleThreadEventExecutor.addTask(SingleThreadEventExecutor.java:344)
	at io.netty.util.concurrent.SingleThreadEventExecutor.execute(SingleThreadEventExecutor.java:836)
	at io.netty.util.concurrent.SingleThreadEventExecutor.execute0(SingleThreadEventExecutor.java:827)
	at io.netty.util.concurrent.SingleThreadEventExecutor.execute(SingleThreadEventExecutor.java:817)
	at io.netty.util.concurrent.DefaultPromise.safeExecute(DefaultPromise.java:862)
	at io.netty.util.concurrent.DefaultPromise.notifyListeners(DefaultPromise.java:500)
	at io.netty.util.concurrent.DefaultPromise.setValue0(DefaultPromise.java:636)
	at io.netty.util.concurrent.DefaultPromise.setSuccess0(DefaultPromise.java:625)
	at io.netty.util.concurrent.DefaultPromise.setSuccess(DefaultPromise.java:97)
	at io.netty.channel.group.DefaultChannelGroupFuture.setSuccess0(DefaultChannelGroupFuture.java:200)
	at io.netty.channel.group.DefaultChannelGroupFuture.access$400(DefaultChannelGroupFuture.java:41)
	at io.netty.channel.group.DefaultChannelGroupFuture$1.operationComplete(DefaultChannelGroupFuture.java:75)
	at io.netty.channel.group.DefaultChannelGroupFuture$1.operationComplete(DefaultChannelGroupFuture.java:48)
	at io.netty.util.concurrent.DefaultPromise.notifyListener0(DefaultPromise.java:590)
	at io.netty.util.concurrent.DefaultPromise.notifyListeners0(DefaultPromise.java:583)
	at io.netty.util.concurrent.DefaultPromise.notifyListenersNow(DefaultPromise.java:559)
	at io.netty.util.concurrent.DefaultPromise.notifyListeners(DefaultPromise.java:492)
	at io.netty.util.concurrent.DefaultPromise.setValue0(DefaultPromise.java:636)
	at io.netty.util.concurrent.DefaultPromise.setSuccess0(DefaultPromise.java:625)
	at io.netty.util.concurrent.DefaultPromise.trySuccess(DefaultPromise.java:105)
	at io.netty.channel.DefaultChannelPromise.trySuccess(DefaultChannelPromise.java:84)
	at io.netty.channel.AbstractChannel$CloseFuture.setClosed(AbstractChannel.java:1164)
	at io.netty.channel.AbstractChannel$AbstractUnsafe.doClose0(AbstractChannel.java:755)
	at io.netty.channel.AbstractChannel$AbstractUnsafe.close(AbstractChannel.java:731)
	at io.netty.channel.AbstractChannel$AbstractUnsafe.close(AbstractChannel.java:620)
	at io.netty.channel.nio.NioEventLoop.closeAll(NioEventLoop.java:838)
	at io.netty.channel.nio.NioEventLoop.run(NioEventLoop.java:595)
	at io.netty.util.concurrent.SingleThreadEventExecutor$4.run(SingleThreadEventExecutor.java:997)
	at io.netty.util.internal.ThreadExecutorMap$2.run(ThreadExecutorMap.java:74)
	at io.netty.util.concurrent.FastThreadLocalRunnable.run(FastThreadLocalRunnable.java:30)
	at java.lang.Thread.run(Thread.java:750)
24-10-25.11:25:09.947 [SpringApplicationShutdownHook] INFO  HikariDataSource       - HikariPool-1 - Shutdown initiated...
